c:\users\zoma 3bas\documents\visual studio 2010\projects\full_calculator\full_calculator\debug\full_calculator.pch
c:\users\zoma 3bas\documents\visual studio 2010\projects\full_calculator\full_calculator\debug\stdafx.obj
c:\users\zoma 3bas\documents\visual studio 2010\projects\full_calculator\full_calculator\debug\vc100.pdb
c:\users\zoma 3bas\documents\visual studio 2010\projects\full_calculator\full_calculator\debug\assemblyinfo.obj
c:\users\zoma 3bas\documents\visual studio 2010\projects\full_calculator\full_calculator\debug\.netframework,version=v4.0.assemblyattributes.obj
c:\users\zoma 3bas\documents\visual studio 2010\projects\full_calculator\full_calculator\debug\full_calculator.obj
c:\users\zoma 3bas\documents\visual studio 2010\projects\full_calculator\debug\full_calculator.ilk
c:\users\zoma 3bas\documents\visual studio 2010\projects\full_calculator\debug\full_calculator.exe
c:\users\zoma 3bas\documents\visual studio 2010\projects\full_calculator\full_calculator\debug\full_calculator.exe.intermediate.manifest
c:\users\zoma 3bas\documents\visual studio 2010\projects\full_calculator\debug\full_calculator.pdb
c:\users\zoma 3bas\documents\visual studio 2010\projects\full_calculator\full_calculator\debug\app.res
e:\bfcai\projects\full_calculator\full_calculator\debug\full_calculator.pch
e:\bfcai\projects\full_calculator\full_calculator\debug\vc143.pdb
e:\bfcai\projects\full_calculator\full_calculator\debug\stdafx.obj
e:\bfcai\projects\full_calculator\full_calculator\debug\full_calculator.obj
e:\bfcai\projects\full_calculator\full_calculator\debug\assemblyinfo.obj
e:\bfcai\projects\full_calculator\full_calculator\debug\.netframework,version=v4.7.2.assemblyattributes.obj
e:\bfcai\projects\full_calculator\full_calculator\debug\full_calculator.form1.resources
e:\bfcai\projects\full_calculator\full_calculator\debug\app.res
e:\bfcai\projects\full_calculator\full_calculator\debug\full_calculator.vcxproj.assemblyreference.cache
e:\bfcai\projects\full_calculator\full_calculator\debug\full_calculator.vcxproj.generateresource.cache
e:\bfcai\projects\full_calculator\full_calculator\debug\full_calculator.vcxproj.suggestedbindingredirects.cache
e:\bfcai\projects\full_calculator\full_calculator\debug\full_calculator.vcxprojresolveassemblyreference.cache
e:\bfcai\projects\full_calculator\full_calculator\debug\.netframework,version=v4.0.assemblyattributes.obj
e:\bfcai\projects\full_calculator\full_calculator\debug\assemblyinfo(1).obj
e:\bfcai\projects\full_calculator\full_calculator\debug\cl.command.1.tlog
e:\bfcai\projects\full_calculator\full_calculator\debug\cl.read.1.tlog
e:\bfcai\projects\full_calculator\full_calculator\debug\cl.write.1.tlog
e:\bfcai\projects\full_calculator\full_calculator\debug\full_calculator.write.1.tlog
e:\bfcai\projects\full_calculator\full_calculator\debug\link.10028-cvtres.read.1.tlog
e:\bfcai\projects\full_calculator\full_calculator\debug\link.10028-cvtres.write.1.tlog
e:\bfcai\projects\full_calculator\full_calculator\debug\link.10028.read.1.tlog
e:\bfcai\projects\full_calculator\full_calculator\debug\link.10028.write.1.tlog
e:\bfcai\projects\full_calculator\full_calculator\debug\link.2040-cvtres.read.1.tlog
e:\bfcai\projects\full_calculator\full_calculator\debug\link.2040-cvtres.write.1.tlog
e:\bfcai\projects\full_calculator\full_calculator\debug\link.2040.read.1.tlog
e:\bfcai\projects\full_calculator\full_calculator\debug\link.2040.write.1.tlog
e:\bfcai\projects\full_calculator\full_calculator\debug\link.2108-cvtres.read.1.tlog
e:\bfcai\projects\full_calculator\full_calculator\debug\link.2108-cvtres.write.1.tlog
e:\bfcai\projects\full_calculator\full_calculator\debug\link.2108.read.1.tlog
e:\bfcai\projects\full_calculator\full_calculator\debug\link.2108.write.1.tlog
e:\bfcai\projects\full_calculator\full_calculator\debug\link.2320-cvtres.read.1.tlog
e:\bfcai\projects\full_calculator\full_calculator\debug\link.2320-cvtres.write.1.tlog
e:\bfcai\projects\full_calculator\full_calculator\debug\link.2320.read.1.tlog
e:\bfcai\projects\full_calculator\full_calculator\debug\link.2320.write.1.tlog
e:\bfcai\projects\full_calculator\full_calculator\debug\link.2360-cvtres.read.1.tlog
e:\bfcai\projects\full_calculator\full_calculator\debug\link.2360-cvtres.write.1.tlog
e:\bfcai\projects\full_calculator\full_calculator\debug\link.2360.read.1.tlog
e:\bfcai\projects\full_calculator\full_calculator\debug\link.2360.write.1.tlog
e:\bfcai\projects\full_calculator\full_calculator\debug\link.3036-cvtres.read.1.tlog
e:\bfcai\projects\full_calculator\full_calculator\debug\link.3036-cvtres.write.1.tlog
e:\bfcai\projects\full_calculator\full_calculator\debug\link.3036.read.1.tlog
e:\bfcai\projects\full_calculator\full_calculator\debug\link.3036.write.1.tlog
e:\bfcai\projects\full_calculator\full_calculator\debug\link.32-cvtres.read.1.tlog
e:\bfcai\projects\full_calculator\full_calculator\debug\link.32-cvtres.write.1.tlog
e:\bfcai\projects\full_calculator\full_calculator\debug\link.32.read.1.tlog
e:\bfcai\projects\full_calculator\full_calculator\debug\link.32.write.1.tlog
e:\bfcai\projects\full_calculator\full_calculator\debug\link.3536-cvtres.read.1.tlog
e:\bfcai\projects\full_calculator\full_calculator\debug\link.3536-cvtres.write.1.tlog
e:\bfcai\projects\full_calculator\full_calculator\debug\link.3536.read.1.tlog
e:\bfcai\projects\full_calculator\full_calculator\debug\link.3536.write.1.tlog
e:\bfcai\projects\full_calculator\full_calculator\debug\link.3864-cvtres.read.1.tlog
e:\bfcai\projects\full_calculator\full_calculator\debug\link.3864-cvtres.write.1.tlog
e:\bfcai\projects\full_calculator\full_calculator\debug\link.3864.read.1.tlog
e:\bfcai\projects\full_calculator\full_calculator\debug\link.3864.write.1.tlog
e:\bfcai\projects\full_calculator\full_calculator\debug\link.3872-cvtres.read.1.tlog
e:\bfcai\projects\full_calculator\full_calculator\debug\link.3872-cvtres.write.1.tlog
e:\bfcai\projects\full_calculator\full_calculator\debug\link.3872.read.1.tlog
e:\bfcai\projects\full_calculator\full_calculator\debug\link.3872.write.1.tlog
e:\bfcai\projects\full_calculator\full_calculator\debug\link.4404-cvtres.read.1.tlog
e:\bfcai\projects\full_calculator\full_calculator\debug\link.4404-cvtres.write.1.tlog
e:\bfcai\projects\full_calculator\full_calculator\debug\link.4404.read.1.tlog
e:\bfcai\projects\full_calculator\full_calculator\debug\link.4404.write.1.tlog
e:\bfcai\projects\full_calculator\full_calculator\debug\link.4488-cvtres.read.1.tlog
e:\bfcai\projects\full_calculator\full_calculator\debug\link.4488-cvtres.write.1.tlog
e:\bfcai\projects\full_calculator\full_calculator\debug\link.4488.read.1.tlog
e:\bfcai\projects\full_calculator\full_calculator\debug\link.4488.write.1.tlog
e:\bfcai\projects\full_calculator\full_calculator\debug\link.4636-cvtres.read.1.tlog
e:\bfcai\projects\full_calculator\full_calculator\debug\link.4636-cvtres.write.1.tlog
e:\bfcai\projects\full_calculator\full_calculator\debug\link.4636.read.1.tlog
e:\bfcai\projects\full_calculator\full_calculator\debug\link.4636.write.1.tlog
e:\bfcai\projects\full_calculator\full_calculator\debug\link.4688-cvtres.read.1.tlog
e:\bfcai\projects\full_calculator\full_calculator\debug\link.4688-cvtres.write.1.tlog
e:\bfcai\projects\full_calculator\full_calculator\debug\link.4688.read.1.tlog
e:\bfcai\projects\full_calculator\full_calculator\debug\link.4688.write.1.tlog
e:\bfcai\projects\full_calculator\full_calculator\debug\link.4992-cvtres.read.1.tlog
e:\bfcai\projects\full_calculator\full_calculator\debug\link.4992-cvtres.write.1.tlog
e:\bfcai\projects\full_calculator\full_calculator\debug\link.4992.read.1.tlog
e:\bfcai\projects\full_calculator\full_calculator\debug\link.4992.write.1.tlog
e:\bfcai\projects\full_calculator\full_calculator\debug\link.5064-cvtres.read.1.tlog
e:\bfcai\projects\full_calculator\full_calculator\debug\link.5064-cvtres.write.1.tlog
e:\bfcai\projects\full_calculator\full_calculator\debug\link.5064.read.1.tlog
e:\bfcai\projects\full_calculator\full_calculator\debug\link.5064.write.1.tlog
e:\bfcai\projects\full_calculator\full_calculator\debug\link.5124-cvtres.read.1.tlog
e:\bfcai\projects\full_calculator\full_calculator\debug\link.5124-cvtres.write.1.tlog
e:\bfcai\projects\full_calculator\full_calculator\debug\link.5124.read.1.tlog
e:\bfcai\projects\full_calculator\full_calculator\debug\link.5124.write.1.tlog
e:\bfcai\projects\full_calculator\full_calculator\debug\link.5188-cvtres.read.1.tlog
e:\bfcai\projects\full_calculator\full_calculator\debug\link.5188-cvtres.write.1.tlog
e:\bfcai\projects\full_calculator\full_calculator\debug\link.5188.read.1.tlog
e:\bfcai\projects\full_calculator\full_calculator\debug\link.5188.write.1.tlog
e:\bfcai\projects\full_calculator\full_calculator\debug\link.5868-cvtres.read.1(1).tlog
e:\bfcai\projects\full_calculator\full_calculator\debug\link.5868-cvtres.read.1(2).tlog
e:\bfcai\projects\full_calculator\full_calculator\debug\link.5868-cvtres.read.1(3).tlog
e:\bfcai\projects\full_calculator\full_calculator\debug\link.5868-cvtres.read.1.tlog
e:\bfcai\projects\full_calculator\full_calculator\debug\link.5868-cvtres.write.1(1).tlog
e:\bfcai\projects\full_calculator\full_calculator\debug\link.5868-cvtres.write.1.tlog
e:\bfcai\projects\full_calculator\full_calculator\debug\link.5868.read.1(1).tlog
e:\bfcai\projects\full_calculator\full_calculator\debug\link.5868.read.1.tlog
e:\bfcai\projects\full_calculator\full_calculator\debug\link.5868.write.1(1).tlog
e:\bfcai\projects\full_calculator\full_calculator\debug\link.5868.write.1(2).tlog
e:\bfcai\projects\full_calculator\full_calculator\debug\link.5868.write.1(3).tlog
e:\bfcai\projects\full_calculator\full_calculator\debug\link.5868.write.1.tlog
e:\bfcai\projects\full_calculator\full_calculator\debug\link.6428-cvtres.read.1(1).tlog
e:\bfcai\projects\full_calculator\full_calculator\debug\link.6428-cvtres.read.1.tlog
e:\bfcai\projects\full_calculator\full_calculator\debug\link.6428-cvtres.write.1(1).tlog
e:\bfcai\projects\full_calculator\full_calculator\debug\link.6428-cvtres.write.1.tlog
e:\bfcai\projects\full_calculator\full_calculator\debug\link.6428.read.1(1).tlog
e:\bfcai\projects\full_calculator\full_calculator\debug\link.6428.read.1.tlog
e:\bfcai\projects\full_calculator\full_calculator\debug\link.6428.write.1(1).tlog
e:\bfcai\projects\full_calculator\full_calculator\debug\link.6428.write.1.tlog
e:\bfcai\projects\full_calculator\full_calculator\debug\link.7160-cvtres.read.1(1).tlog
e:\bfcai\projects\full_calculator\full_calculator\debug\link.7160-cvtres.read.1.tlog
e:\bfcai\projects\full_calculator\full_calculator\debug\link.7160-cvtres.write.1(1).tlog
e:\bfcai\projects\full_calculator\full_calculator\debug\link.7160-cvtres.write.1.tlog
e:\bfcai\projects\full_calculator\full_calculator\debug\link.7160.read.1.tlog
e:\bfcai\projects\full_calculator\full_calculator\debug\link.7160.write.1.tlog
e:\bfcai\projects\full_calculator\full_calculator\debug\link.7244-cvtres.read.1.tlog
e:\bfcai\projects\full_calculator\full_calculator\debug\link.7244-cvtres.write.1.tlog
e:\bfcai\projects\full_calculator\full_calculator\debug\link.7244.read.1.tlog
e:\bfcai\projects\full_calculator\full_calculator\debug\link.7244.write.1.tlog
e:\bfcai\projects\full_calculator\full_calculator\debug\link.7544-cvtres.read.1.tlog
e:\bfcai\projects\full_calculator\full_calculator\debug\link.7544-cvtres.write.1.tlog
e:\bfcai\projects\full_calculator\full_calculator\debug\link.7544.read.1.tlog
e:\bfcai\projects\full_calculator\full_calculator\debug\link.7544.write.1.tlog
e:\bfcai\projects\full_calculator\full_calculator\debug\link.7560-cvtres.read.1.tlog
e:\bfcai\projects\full_calculator\full_calculator\debug\link.7560-cvtres.write.1.tlog
e:\bfcai\projects\full_calculator\full_calculator\debug\link.7560.read.1.tlog
e:\bfcai\projects\full_calculator\full_calculator\debug\link.7560.write.1.tlog
e:\bfcai\projects\full_calculator\full_calculator\debug\link.7820-cvtres.read.1.tlog
e:\bfcai\projects\full_calculator\full_calculator\debug\link.7820-cvtres.write.1.tlog
e:\bfcai\projects\full_calculator\full_calculator\debug\link.7820.read.1.tlog
e:\bfcai\projects\full_calculator\full_calculator\debug\link.7820.write.1.tlog
e:\bfcai\projects\full_calculator\full_calculator\debug\link.7900-cvtres.read.1.tlog
e:\bfcai\projects\full_calculator\full_calculator\debug\link.7900-cvtres.write.1.tlog
e:\bfcai\projects\full_calculator\full_calculator\debug\link.7900.read.1.tlog
e:\bfcai\projects\full_calculator\full_calculator\debug\link.7900.write.1.tlog
e:\bfcai\projects\full_calculator\full_calculator\debug\link.7904-cvtres.read.1.tlog
e:\bfcai\projects\full_calculator\full_calculator\debug\link.7904-cvtres.write.1.tlog
e:\bfcai\projects\full_calculator\full_calculator\debug\link.7904.read.1.tlog
e:\bfcai\projects\full_calculator\full_calculator\debug\link.7904.write.1.tlog
e:\bfcai\projects\full_calculator\full_calculator\debug\link.7908-cvtres.read.1.tlog
e:\bfcai\projects\full_calculator\full_calculator\debug\link.7908-cvtres.write.1.tlog
e:\bfcai\projects\full_calculator\full_calculator\debug\link.7908.read.1.tlog
e:\bfcai\projects\full_calculator\full_calculator\debug\link.7908.write.1.tlog
e:\bfcai\projects\full_calculator\full_calculator\debug\link.8296-cvtres.read.1.tlog
e:\bfcai\projects\full_calculator\full_calculator\debug\link.8296-cvtres.write.1.tlog
e:\bfcai\projects\full_calculator\full_calculator\debug\link.8296.read.1.tlog
e:\bfcai\projects\full_calculator\full_calculator\debug\link.8296.write.1.tlog
e:\bfcai\projects\full_calculator\full_calculator\debug\link.8304-cvtres.read.1.tlog
e:\bfcai\projects\full_calculator\full_calculator\debug\link.8304-cvtres.write.1.tlog
e:\bfcai\projects\full_calculator\full_calculator\debug\link.8304.read.1.tlog
e:\bfcai\projects\full_calculator\full_calculator\debug\link.8304.write.1.tlog
e:\bfcai\projects\full_calculator\full_calculator\debug\link.8372-cvtres.read.1.tlog
e:\bfcai\projects\full_calculator\full_calculator\debug\link.8372-cvtres.write.1.tlog
e:\bfcai\projects\full_calculator\full_calculator\debug\link.8372.read.1.tlog
e:\bfcai\projects\full_calculator\full_calculator\debug\link.8372.write.1.tlog
e:\bfcai\projects\full_calculator\full_calculator\debug\link.8764-cvtres.read.1.tlog
e:\bfcai\projects\full_calculator\full_calculator\debug\link.8764-cvtres.write.1.tlog
e:\bfcai\projects\full_calculator\full_calculator\debug\link.8764.read.1.tlog
e:\bfcai\projects\full_calculator\full_calculator\debug\link.8764.write.1.tlog
e:\bfcai\projects\full_calculator\full_calculator\debug\link.8768-cvtres.read.1.tlog
e:\bfcai\projects\full_calculator\full_calculator\debug\link.8768-cvtres.write.1.tlog
e:\bfcai\projects\full_calculator\full_calculator\debug\link.8768.read.1.tlog
e:\bfcai\projects\full_calculator\full_calculator\debug\link.8768.write.1.tlog
e:\bfcai\projects\full_calculator\full_calculator\debug\link.8824-cvtres.read.1.tlog
e:\bfcai\projects\full_calculator\full_calculator\debug\link.8824-cvtres.write.1.tlog
e:\bfcai\projects\full_calculator\full_calculator\debug\link.8824.read.1.tlog
e:\bfcai\projects\full_calculator\full_calculator\debug\link.8824.write.1.tlog
e:\bfcai\projects\full_calculator\full_calculator\debug\link.884-cvtres.read.1.tlog
e:\bfcai\projects\full_calculator\full_calculator\debug\link.884-cvtres.write.1.tlog
e:\bfcai\projects\full_calculator\full_calculator\debug\link.884.read.1.tlog
e:\bfcai\projects\full_calculator\full_calculator\debug\link.884.write.1.tlog
e:\bfcai\projects\full_calculator\full_calculator\debug\link.8984-cvtres.read.1.tlog
e:\bfcai\projects\full_calculator\full_calculator\debug\link.8984-cvtres.write.1.tlog
e:\bfcai\projects\full_calculator\full_calculator\debug\link.8984.read.1.tlog
e:\bfcai\projects\full_calculator\full_calculator\debug\link.8984.write.1.tlog
e:\bfcai\projects\full_calculator\full_calculator\debug\link.9016-cvtres.read.1.tlog
e:\bfcai\projects\full_calculator\full_calculator\debug\link.9016-cvtres.write.1.tlog
e:\bfcai\projects\full_calculator\full_calculator\debug\link.9016.read.1.tlog
e:\bfcai\projects\full_calculator\full_calculator\debug\link.9016.write.1.tlog
e:\bfcai\projects\full_calculator\full_calculator\debug\link.9204-cvtres.read.1.tlog
e:\bfcai\projects\full_calculator\full_calculator\debug\link.9204-cvtres.write.1.tlog
e:\bfcai\projects\full_calculator\full_calculator\debug\link.9204.read.1.tlog
e:\bfcai\projects\full_calculator\full_calculator\debug\link.9204.write.1.tlog
e:\bfcai\projects\full_calculator\full_calculator\debug\link.9316-cvtres.read.1.tlog
e:\bfcai\projects\full_calculator\full_calculator\debug\link.9316-cvtres.write.1.tlog
e:\bfcai\projects\full_calculator\full_calculator\debug\link.9316.read.1.tlog
e:\bfcai\projects\full_calculator\full_calculator\debug\link.9316.write.1.tlog
e:\bfcai\projects\full_calculator\full_calculator\debug\link.9584-cvtres.read.1.tlog
e:\bfcai\projects\full_calculator\full_calculator\debug\link.9584-cvtres.write.1.tlog
e:\bfcai\projects\full_calculator\full_calculator\debug\link.9584.read.1.tlog
e:\bfcai\projects\full_calculator\full_calculator\debug\link.9584.write.1.tlog
e:\bfcai\projects\full_calculator\full_calculator\debug\link.9672-cvtres.read.1.tlog
e:\bfcai\projects\full_calculator\full_calculator\debug\link.9672-cvtres.write.1.tlog
e:\bfcai\projects\full_calculator\full_calculator\debug\link.9672.read.1.tlog
e:\bfcai\projects\full_calculator\full_calculator\debug\link.9672.write.1.tlog
e:\bfcai\projects\full_calculator\full_calculator\debug\link.9816-cvtres.read.1.tlog
e:\bfcai\projects\full_calculator\full_calculator\debug\link.9816-cvtres.write.1.tlog
e:\bfcai\projects\full_calculator\full_calculator\debug\link.9816.read.1.tlog
e:\bfcai\projects\full_calculator\full_calculator\debug\link.9816.write.1.tlog
e:\bfcai\projects\full_calculator\full_calculator\debug\link.command.1.tlog
e:\bfcai\projects\full_calculator\full_calculator\debug\link.read.1.tlog
e:\bfcai\projects\full_calculator\full_calculator\debug\link.write.1.tlog
e:\bfcai\projects\full_calculator\full_calculator\debug\mt.command.1.tlog
e:\bfcai\projects\full_calculator\full_calculator\debug\mt.read.1.tlog
e:\bfcai\projects\full_calculator\full_calculator\debug\mt.write.1.tlog
e:\bfcai\projects\full_calculator\full_calculator\debug\rc.command.1.tlog
e:\bfcai\projects\full_calculator\full_calculator\debug\rc.read.1.tlog
e:\bfcai\projects\full_calculator\full_calculator\debug\rc.write.1.tlog
e:\bfcai\projects\full_calculator\full_calculator\debug\vc100.pdb
e:\bfcai\projects\full_calculator\full_calculator\debug\full_calculator.exe.intermediate.manifest.xml
e:\bfcai\projects\full_calculator\debug\full_calculator.pdb
e:\bfcai\projects\full_calculator\debug\full_calculator.ilk
e:\bfcai\projects\full_calculator\full_calculator\debug\full_calculator.tlog\cl.command.1.tlog
e:\bfcai\projects\full_calculator\full_calculator\debug\full_calculator.tlog\cl.read.1.tlog
e:\bfcai\projects\full_calculator\full_calculator\debug\full_calculator.tlog\cl.write.1.tlog
e:\bfcai\projects\full_calculator\full_calculator\debug\full_calculator.tlog\full_calculator.write.1u.tlog
e:\bfcai\projects\full_calculator\full_calculator\debug\full_calculator.tlog\link.16076-cvtres.read.1.tlog
e:\bfcai\projects\full_calculator\full_calculator\debug\full_calculator.tlog\link.16076-cvtres.write.1.tlog
e:\bfcai\projects\full_calculator\full_calculator\debug\full_calculator.tlog\link.16076-rc.read.1.tlog
e:\bfcai\projects\full_calculator\full_calculator\debug\full_calculator.tlog\link.16076-rc.write.1.tlog
e:\bfcai\projects\full_calculator\full_calculator\debug\full_calculator.tlog\link.16076.read.1.tlog
e:\bfcai\projects\full_calculator\full_calculator\debug\full_calculator.tlog\link.16076.write.1.tlog
e:\bfcai\projects\full_calculator\full_calculator\debug\full_calculator.tlog\link.command.1.tlog
e:\bfcai\projects\full_calculator\full_calculator\debug\full_calculator.tlog\link.read.1.tlog
e:\bfcai\projects\full_calculator\full_calculator\debug\full_calculator.tlog\link.write.1.tlog
e:\bfcai\projects\full_calculator\full_calculator\debug\full_calculator.tlog\metagen.read.1.tlog
e:\bfcai\projects\full_calculator\full_calculator\debug\full_calculator.tlog\metagen.write.1.tlog
e:\bfcai\projects\full_calculator\full_calculator\debug\full_calculator.tlog\rc.command.1.tlog
e:\bfcai\projects\full_calculator\full_calculator\debug\full_calculator.tlog\rc.read.1.tlog
e:\bfcai\projects\full_calculator\full_calculator\debug\full_calculator.tlog\rc.write.1.tlog
